[16.632s] Invoking command in '/home/xtark/tarkbot/ros2_ws/build/tarkbot_robot': CMAKE_PREFIX_PATH=${CMAKE_PREFIX_PATH}:/opt/ros/foxy /usr/bin/cmake --build /home/xtark/tarkbot/ros2_ws/build/tarkbot_robot -- -j4 -l4
[16.963s] [35m[1mScanning dependencies of target tarkbot_robot_node[0m
[17.212s] [ 50%] [32mBuilding CXX object CMakeFiles/tarkbot_robot_node.dir/src/tarkbot_robot.cpp.o[0m
[38.116s] [01m[K/home/xtark/tarkbot/ros2_ws/src/tarkbot_robot/src/tarkbot_robot.cpp:[m[K In member function â€˜[01m[Kvoid TarkbotRobot::recvDataHandle(uint8_t*)[m[Kâ€™:
[38.118s] [01m[K/home/xtark/tarkbot/ros2_ws/src/tarkbot_robot/src/tarkbot_robot.cpp:288:9:[m[K [01;31m[Kerror: [m[Kâ€˜[01m[KROS_INFO[m[Kâ€™ was not declared in this scope
[38.120s]   288 |         [01;31m[KROS_INFO[m[K("Hello World!")
[38.121s]       |         [01;31m[K^~~~~~~~[m[K
[38.239s] [01m[K/home/xtark/tarkbot/ros2_ws/src/tarkbot_robot/src/tarkbot_robot.cpp:[m[K In member function â€˜[01m[Kvoid TarkbotRobot::calculateImuQuaternion(imu_data)[m[Kâ€™:
[38.243s] [01m[K/home/xtark/tarkbot/ros2_ws/src/tarkbot_robot/src/tarkbot_robot.cpp:499:11:[m[K [01;35m[Kwarning: [m[Kunused variable â€˜[01m[Kroll[m[Kâ€™ [[01;35m[K-Wunused-variable[m[K]
[38.244s]   499 |     float [01;35m[Kroll[m[K,pitch,yaw ;
[38.246s]       |           [01;35m[K^~~~[m[K
[38.248s] [01m[K/home/xtark/tarkbot/ros2_ws/src/tarkbot_robot/src/tarkbot_robot.cpp:499:16:[m[K [01;35m[Kwarning: [m[Kunused variable â€˜[01m[Kpitch[m[Kâ€™ [[01;35m[K-Wunused-variable[m[K]
[38.251s]   499 |     float roll,[01;35m[Kpitch[m[K,yaw ;
[38.253s]       |                [01;35m[K^~~~~[m[K
[38.255s] [01m[K/home/xtark/tarkbot/ros2_ws/src/tarkbot_robot/src/tarkbot_robot.cpp:499:22:[m[K [01;35m[Kwarning: [m[Kunused variable â€˜[01m[Kyaw[m[Kâ€™ [[01;35m[K-Wunused-variable[m[K]
[38.257s]   499 |     float roll,pitch,[01;35m[Kyaw[m[K ;
[38.259s]       |                      [01;35m[K^~~[m[K
[38.262s] [01m[K/home/xtark/tarkbot/ros2_ws/src/tarkbot_robot/src/tarkbot_robot.cpp:[m[K In function â€˜[01m[Kfloat invSqrt(float)[m[Kâ€™:
[38.263s] [01m[K/home/xtark/tarkbot/ros2_ws/src/tarkbot_robot/src/tarkbot_robot.cpp:586:12:[m[K [01;35m[Kwarning: [m[Kdereferencing type-punned pointer will break strict-aliasing rules [[01;35m[K-Wstrict-aliasing[m[K]
[38.265s]   586 |     i = * [01;35m[K(( long * ) &y)[m[K;
[38.266s]       |           [01;35m[K~^~~~~~~~~~~~~~[m[K
[38.268s] [01m[K/home/xtark/tarkbot/ros2_ws/src/tarkbot_robot/src/tarkbot_robot.cpp:589:12:[m[K [01;35m[Kwarning: [m[Kdereferencing type-punned pointer will break strict-aliasing rules [[01;35m[K-Wstrict-aliasing[m[K]
[38.270s]   589 |     y = * [01;35m[K(( float * ) &i)[m[K;
[38.272s]       |           [01;35m[K~^~~~~~~~~~~~~~~[m[K
[51.517s] make[2]: *** [CMakeFiles/tarkbot_robot_node.dir/build.make:63: CMakeFiles/tarkbot_robot_node.dir/src/tarkbot_robot.cpp.o] Error 1
[51.518s] make[1]: *** [CMakeFiles/Makefile2:78: CMakeFiles/tarkbot_robot_node.dir/all] Error 2
[51.520s] make: *** [Makefile:141: all] Error 2
[51.524s] Invoked command in '/home/xtark/tarkbot/ros2_ws/build/tarkbot_robot' returned '2': CMAKE_PREFIX_PATH=${CMAKE_PREFIX_PATH}:/opt/ros/foxy /usr/bin/cmake --build /home/xtark/tarkbot/ros2_ws/build/tarkbot_robot -- -j4 -l4
